C:\Program Files (x86)\Microsoft Visual Studio\2017\Community\Common7\IDE\VC\VCTargets\Microsoft.CppBuild.targets(377,5): warning MSB8004: El directorio Output no termina con una barra diagonal final. Esta instancia de compilación agregará la barra diagonal porque es necesaria para que se pueda evaluar correctamente el directorio Output.
  horchata_buffer.cc
  horchata_gpu_manager.cc
  horchata_shader.cc
  visual_equalizer_main.cc
  Generando código...
ESAT_d.lib(draw.obj) : warning LNK4099: no se encontró PDB 'ESAT_d.pdb' con 'ESAT_d.lib(draw.obj)' o en 'D:\Desarrollo\git\2PG_TA_garciasa\EDK_workspace_equalizer\bin\ESAT_d.pdb'; se vinculará el objeto sin tener en cuenta información de depuración
ESAT_d.lib(input.obj) : warning LNK4099: no se encontró PDB 'ESAT_d.pdb' con 'ESAT_d.lib(input.obj)' o en 'D:\Desarrollo\git\2PG_TA_garciasa\EDK_workspace_equalizer\bin\ESAT_d.pdb'; se vinculará el objeto sin tener en cuenta información de depuración
ESAT_d.lib(math.obj) : warning LNK4099: no se encontró PDB 'ESAT_d.pdb' con 'ESAT_d.lib(math.obj)' o en 'D:\Desarrollo\git\2PG_TA_garciasa\EDK_workspace_equalizer\bin\ESAT_d.pdb'; se vinculará el objeto sin tener en cuenta información de depuración
ESAT_d.lib(time.obj) : warning LNK4099: no se encontró PDB 'ESAT_d.pdb' con 'ESAT_d.lib(time.obj)' o en 'D:\Desarrollo\git\2PG_TA_garciasa\EDK_workspace_equalizer\bin\ESAT_d.pdb'; se vinculará el objeto sin tener en cuenta información de depuración
ESAT_d.lib(window.obj) : warning LNK4099: no se encontró PDB 'ESAT_d.pdb' con 'ESAT_d.lib(window.obj)' o en 'D:\Desarrollo\git\2PG_TA_garciasa\EDK_workspace_equalizer\bin\ESAT_d.pdb'; se vinculará el objeto sin tener en cuenta información de depuración
ESAT_d.lib(edk_camera.obj) : warning LNK4099: no se encontró PDB 'ESAT_d.pdb' con 'ESAT_d.lib(edk_camera.obj)' o en 'D:\Desarrollo\git\2PG_TA_garciasa\EDK_workspace_equalizer\bin\ESAT_d.pdb'; se vinculará el objeto sin tener en cuenta información de depuración
ESAT_d.lib(edk_drawable.obj) : warning LNK4099: no se encontró PDB 'ESAT_d.pdb' con 'ESAT_d.lib(edk_drawable.obj)' o en 'D:\Desarrollo\git\2PG_TA_garciasa\EDK_workspace_equalizer\bin\ESAT_d.pdb'; se vinculará el objeto sin tener en cuenta información de depuración
ESAT_d.lib(edk_geometry.obj) : warning LNK4099: no se encontró PDB 'ESAT_d.pdb' con 'ESAT_d.lib(edk_geometry.obj)' o en 'D:\Desarrollo\git\2PG_TA_garciasa\EDK_workspace_equalizer\bin\ESAT_d.pdb'; se vinculará el objeto sin tener en cuenta información de depuración
ESAT_d.lib(edk_gpumanager.obj) : warning LNK4099: no se encontró PDB 'ESAT_d.pdb' con 'ESAT_d.lib(edk_gpumanager.obj)' o en 'D:\Desarrollo\git\2PG_TA_garciasa\EDK_workspace_equalizer\bin\ESAT_d.pdb'; se vinculará el objeto sin tener en cuenta información de depuración
ESAT_d.lib(edk_gpuresources.obj) : warning LNK4099: no se encontró PDB 'ESAT_d.pdb' con 'ESAT_d.lib(edk_gpuresources.obj)' o en 'D:\Desarrollo\git\2PG_TA_garciasa\EDK_workspace_equalizer\bin\ESAT_d.pdb'; se vinculará el objeto sin tener en cuenta información de depuración
ESAT_d.lib(edk_matdiffuse.obj) : warning LNK4099: no se encontró PDB 'ESAT_d.pdb' con 'ESAT_d.lib(edk_matdiffuse.obj)' o en 'D:\Desarrollo\git\2PG_TA_garciasa\EDK_workspace_equalizer\bin\ESAT_d.pdb'; se vinculará el objeto sin tener en cuenta información de depuración
ESAT_d.lib(edk_material.obj) : warning LNK4099: no se encontró PDB 'ESAT_d.pdb' con 'ESAT_d.lib(edk_material.obj)' o en 'D:\Desarrollo\git\2PG_TA_garciasa\EDK_workspace_equalizer\bin\ESAT_d.pdb'; se vinculará el objeto sin tener en cuenta información de depuración
ESAT_d.lib(edk_node.obj) : warning LNK4099: no se encontró PDB 'ESAT_d.pdb' con 'ESAT_d.lib(edk_node.obj)' o en 'D:\Desarrollo\git\2PG_TA_garciasa\EDK_workspace_equalizer\bin\ESAT_d.pdb'; se vinculará el objeto sin tener en cuenta información de depuración
ESAT_d.lib(edk_rendertarget.obj) : warning LNK4099: no se encontró PDB 'ESAT_d.pdb' con 'ESAT_d.lib(edk_rendertarget.obj)' o en 'D:\Desarrollo\git\2PG_TA_garciasa\EDK_workspace_equalizer\bin\ESAT_d.pdb'; se vinculará el objeto sin tener en cuenta información de depuración
ESAT_d.lib(nanovg.obj) : warning LNK4099: no se encontró PDB 'ESAT_d.pdb' con 'ESAT_d.lib(nanovg.obj)' o en 'D:\Desarrollo\git\2PG_TA_garciasa\EDK_workspace_equalizer\bin\ESAT_d.pdb'; se vinculará el objeto sin tener en cuenta información de depuración
ESAT_d.lib(glew.obj) : warning LNK4099: no se encontró PDB 'ESAT_d.pdb' con 'ESAT_d.lib(glew.obj)' o en 'D:\Desarrollo\git\2PG_TA_garciasa\EDK_workspace_equalizer\bin\ESAT_d.pdb'; se vinculará el objeto sin tener en cuenta información de depuración
ESAT_d.lib(context.obj) : warning LNK4099: no se encontró PDB 'ESAT_d.pdb' con 'ESAT_d.lib(context.obj)' o en 'D:\Desarrollo\git\2PG_TA_garciasa\EDK_workspace_equalizer\bin\ESAT_d.pdb'; se vinculará el objeto sin tener en cuenta información de depuración
ESAT_d.lib(init.obj) : warning LNK4099: no se encontró PDB 'ESAT_d.pdb' con 'ESAT_d.lib(init.obj)' o en 'D:\Desarrollo\git\2PG_TA_garciasa\EDK_workspace_equalizer\bin\ESAT_d.pdb'; se vinculará el objeto sin tener en cuenta información de depuración
ESAT_d.lib(input.obj) : warning LNK4099: no se encontró PDB 'ESAT_d.pdb' con 'ESAT_d.lib(input.obj)' o en 'D:\Desarrollo\git\2PG_TA_garciasa\EDK_workspace_equalizer\bin\ESAT_d.pdb'; se vinculará el objeto sin tener en cuenta información de depuración
ESAT_d.lib(monitor.obj) : warning LNK4099: no se encontró PDB 'ESAT_d.pdb' con 'ESAT_d.lib(monitor.obj)' o en 'D:\Desarrollo\git\2PG_TA_garciasa\EDK_workspace_equalizer\bin\ESAT_d.pdb'; se vinculará el objeto sin tener en cuenta información de depuración
ESAT_d.lib(window.obj) : warning LNK4099: no se encontró PDB 'ESAT_d.pdb' con 'ESAT_d.lib(window.obj)' o en 'D:\Desarrollo\git\2PG_TA_garciasa\EDK_workspace_equalizer\bin\ESAT_d.pdb'; se vinculará el objeto sin tener en cuenta información de depuración
ESAT_d.lib(win32_init.obj) : warning LNK4099: no se encontró PDB 'ESAT_d.pdb' con 'ESAT_d.lib(win32_init.obj)' o en 'D:\Desarrollo\git\2PG_TA_garciasa\EDK_workspace_equalizer\bin\ESAT_d.pdb'; se vinculará el objeto sin tener en cuenta información de depuración
ESAT_d.lib(win32_monitor.obj) : warning LNK4099: no se encontró PDB 'ESAT_d.pdb' con 'ESAT_d.lib(win32_monitor.obj)' o en 'D:\Desarrollo\git\2PG_TA_garciasa\EDK_workspace_equalizer\bin\ESAT_d.pdb'; se vinculará el objeto sin tener en cuenta información de depuración
ESAT_d.lib(win32_time.obj) : warning LNK4099: no se encontró PDB 'ESAT_d.pdb' con 'ESAT_d.lib(win32_time.obj)' o en 'D:\Desarrollo\git\2PG_TA_garciasa\EDK_workspace_equalizer\bin\ESAT_d.pdb'; se vinculará el objeto sin tener en cuenta información de depuración
ESAT_d.lib(win32_tls.obj) : warning LNK4099: no se encontró PDB 'ESAT_d.pdb' con 'ESAT_d.lib(win32_tls.obj)' o en 'D:\Desarrollo\git\2PG_TA_garciasa\EDK_workspace_equalizer\bin\ESAT_d.pdb'; se vinculará el objeto sin tener en cuenta información de depuración
ESAT_d.lib(win32_window.obj) : warning LNK4099: no se encontró PDB 'ESAT_d.pdb' con 'ESAT_d.lib(win32_window.obj)' o en 'D:\Desarrollo\git\2PG_TA_garciasa\EDK_workspace_equalizer\bin\ESAT_d.pdb'; se vinculará el objeto sin tener en cuenta información de depuración
ESAT_d.lib(wgl_context.obj) : warning LNK4099: no se encontró PDB 'ESAT_d.pdb' con 'ESAT_d.lib(wgl_context.obj)' o en 'D:\Desarrollo\git\2PG_TA_garciasa\EDK_workspace_equalizer\bin\ESAT_d.pdb'; se vinculará el objeto sin tener en cuenta información de depuración
ESAT_d.lib(winmm_joystick.obj) : warning LNK4099: no se encontró PDB 'ESAT_d.pdb' con 'ESAT_d.lib(winmm_joystick.obj)' o en 'D:\Desarrollo\git\2PG_TA_garciasa\EDK_workspace_equalizer\bin\ESAT_d.pdb'; se vinculará el objeto sin tener en cuenta información de depuración
ESAT_extra_d.lib(imgui.obj) : warning LNK4099: no se encontró PDB 'ESAT_extra_d.pdb' con 'ESAT_extra_d.lib(imgui.obj)' o en 'D:\Desarrollo\git\2PG_TA_garciasa\EDK_workspace_equalizer\bin\ESAT_extra_d.pdb'; se vinculará el objeto sin tener en cuenta información de depuración
ESAT_extra_d.lib(imgui.obj) : warning LNK4099: no se encontró PDB 'ESAT_extra_d.pdb' con 'ESAT_extra_d.lib(imgui.obj)' o en 'D:\Desarrollo\git\2PG_TA_garciasa\EDK_workspace_equalizer\bin\ESAT_extra_d.pdb'; se vinculará el objeto sin tener en cuenta información de depuración
ESAT_extra_d.lib(imgui_draw.obj) : warning LNK4099: no se encontró PDB 'ESAT_extra_d.pdb' con 'ESAT_extra_d.lib(imgui_draw.obj)' o en 'D:\Desarrollo\git\2PG_TA_garciasa\EDK_workspace_equalizer\bin\ESAT_extra_d.pdb'; se vinculará el objeto sin tener en cuenta información de depuración
ESAT_extra_d.lib(soloud_wav.obj) : warning LNK4099: no se encontró PDB 'ESAT_extra_d.pdb' con 'ESAT_extra_d.lib(soloud_wav.obj)' o en 'D:\Desarrollo\git\2PG_TA_garciasa\EDK_workspace_equalizer\bin\ESAT_extra_d.pdb'; se vinculará el objeto sin tener en cuenta información de depuración
ESAT_extra_d.lib(stb_vorbis.obj) : warning LNK4099: no se encontró PDB 'ESAT_extra_d.pdb' con 'ESAT_extra_d.lib(stb_vorbis.obj)' o en 'D:\Desarrollo\git\2PG_TA_garciasa\EDK_workspace_equalizer\bin\ESAT_extra_d.pdb'; se vinculará el objeto sin tener en cuenta información de depuración
ESAT_extra_d.lib(soloud.obj) : warning LNK4099: no se encontró PDB 'ESAT_extra_d.pdb' con 'ESAT_extra_d.lib(soloud.obj)' o en 'D:\Desarrollo\git\2PG_TA_garciasa\EDK_workspace_equalizer\bin\ESAT_extra_d.pdb'; se vinculará el objeto sin tener en cuenta información de depuración
ESAT_extra_d.lib(soloud_audiosource.obj) : warning LNK4099: no se encontró PDB 'ESAT_extra_d.pdb' con 'ESAT_extra_d.lib(soloud_audiosource.obj)' o en 'D:\Desarrollo\git\2PG_TA_garciasa\EDK_workspace_equalizer\bin\ESAT_extra_d.pdb'; se vinculará el objeto sin tener en cuenta información de depuración
ESAT_extra_d.lib(soloud_core_basicops.obj) : warning LNK4099: no se encontró PDB 'ESAT_extra_d.pdb' con 'ESAT_extra_d.lib(soloud_core_basicops.obj)' o en 'D:\Desarrollo\git\2PG_TA_garciasa\EDK_workspace_equalizer\bin\ESAT_extra_d.pdb'; se vinculará el objeto sin tener en cuenta información de depuración
ESAT_extra_d.lib(soloud_core_getters.obj) : warning LNK4099: no se encontró PDB 'ESAT_extra_d.pdb' con 'ESAT_extra_d.lib(soloud_core_getters.obj)' o en 'D:\Desarrollo\git\2PG_TA_garciasa\EDK_workspace_equalizer\bin\ESAT_extra_d.pdb'; se vinculará el objeto sin tener en cuenta información de depuración
ESAT_extra_d.lib(soloud_core_setters.obj) : warning LNK4099: no se encontró PDB 'ESAT_extra_d.pdb' con 'ESAT_extra_d.lib(soloud_core_setters.obj)' o en 'D:\Desarrollo\git\2PG_TA_garciasa\EDK_workspace_equalizer\bin\ESAT_extra_d.pdb'; se vinculará el objeto sin tener en cuenta información de depuración
ESAT_extra_d.lib(soloud_core_voicegroup.obj) : warning LNK4099: no se encontró PDB 'ESAT_extra_d.pdb' con 'ESAT_extra_d.lib(soloud_core_voicegroup.obj)' o en 'D:\Desarrollo\git\2PG_TA_garciasa\EDK_workspace_equalizer\bin\ESAT_extra_d.pdb'; se vinculará el objeto sin tener en cuenta información de depuración
ESAT_extra_d.lib(soloud_core_voiceops.obj) : warning LNK4099: no se encontró PDB 'ESAT_extra_d.pdb' con 'ESAT_extra_d.lib(soloud_core_voiceops.obj)' o en 'D:\Desarrollo\git\2PG_TA_garciasa\EDK_workspace_equalizer\bin\ESAT_extra_d.pdb'; se vinculará el objeto sin tener en cuenta información de depuración
ESAT_extra_d.lib(soloud_fader.obj) : warning LNK4099: no se encontró PDB 'ESAT_extra_d.pdb' con 'ESAT_extra_d.lib(soloud_fader.obj)' o en 'D:\Desarrollo\git\2PG_TA_garciasa\EDK_workspace_equalizer\bin\ESAT_extra_d.pdb'; se vinculará el objeto sin tener en cuenta información de depuración
ESAT_extra_d.lib(soloud_fft.obj) : warning LNK4099: no se encontró PDB 'ESAT_extra_d.pdb' con 'ESAT_extra_d.lib(soloud_fft.obj)' o en 'D:\Desarrollo\git\2PG_TA_garciasa\EDK_workspace_equalizer\bin\ESAT_extra_d.pdb'; se vinculará el objeto sin tener en cuenta información de depuración
ESAT_extra_d.lib(soloud_fft_lut.obj) : warning LNK4099: no se encontró PDB 'ESAT_extra_d.pdb' con 'ESAT_extra_d.lib(soloud_fft_lut.obj)' o en 'D:\Desarrollo\git\2PG_TA_garciasa\EDK_workspace_equalizer\bin\ESAT_extra_d.pdb'; se vinculará el objeto sin tener en cuenta información de depuración
ESAT_extra_d.lib(soloud_file.obj) : warning LNK4099: no se encontró PDB 'ESAT_extra_d.pdb' con 'ESAT_extra_d.lib(soloud_file.obj)' o en 'D:\Desarrollo\git\2PG_TA_garciasa\EDK_workspace_equalizer\bin\ESAT_extra_d.pdb'; se vinculará el objeto sin tener en cuenta información de depuración
ESAT_extra_d.lib(soloud_thread.obj) : warning LNK4099: no se encontró PDB 'ESAT_extra_d.pdb' con 'ESAT_extra_d.lib(soloud_thread.obj)' o en 'D:\Desarrollo\git\2PG_TA_garciasa\EDK_workspace_equalizer\bin\ESAT_extra_d.pdb'; se vinculará el objeto sin tener en cuenta información de depuración
ESAT_extra_d.lib(soloud_winmm.obj) : warning LNK4099: no se encontró PDB 'ESAT_extra_d.pdb' con 'ESAT_extra_d.lib(soloud_winmm.obj)' o en 'D:\Desarrollo\git\2PG_TA_garciasa\EDK_workspace_equalizer\bin\ESAT_extra_d.pdb'; se vinculará el objeto sin tener en cuenta información de depuración
  EDK_workspace.vcxproj -> D:\Desarrollo\git\2PG_TA_garciasa\EDK_workspace_equalizer\project\VS2017\EDK_workspace\..\..\..\bin\EDK_workspace.exe
