C:\Program Files (x86)\Microsoft Visual Studio\2017\Community\Common7\IDE\VC\VCTargets\Microsoft.CppBuild.targets(377,5): warning MSB8004: El directorio Output no termina con una barra diagonal final. Esta instancia de compilación agregará la barra diagonal porque es necesaria para que se pueda evaluar correctamente el directorio Output.
  horchata_program.cc
d:\desarrollo\git\2pg_ta_garciasa\edk_workspace_projectmanhattan\src\horchata_program.cc(109): warning C4244: 'argumento': conversión de 'const int' a 'GLfloat'; posible pérdida de datos
d:\desarrollo\git\2pg_ta_garciasa\edk_workspace_projectmanhattan\src\horchata_program.cc(113): warning C4244: 'argumento': conversión de 'const int' a 'GLfloat'; posible pérdida de datos
d:\desarrollo\git\2pg_ta_garciasa\edk_workspace_projectmanhattan\src\horchata_program.cc(117): warning C4244: 'argumento': conversión de 'const int' a 'GLfloat'; posible pérdida de datos
d:\desarrollo\git\2pg_ta_garciasa\edk_workspace_projectmanhattan\src\horchata_program.cc(121): warning C4244: 'argumento': conversión de 'const int' a 'GLfloat'; posible pérdida de datos
d:\desarrollo\git\2pg_ta_garciasa\edk_workspace_projectmanhattan\src\horchata_program.cc(133): warning C4244: 'argumento': conversión de 'const unsigned int' a 'GLfloat'; posible pérdida de datos
d:\desarrollo\git\2pg_ta_garciasa\edk_workspace_projectmanhattan\src\horchata_program.cc(137): warning C4244: 'argumento': conversión de 'const unsigned int' a 'GLfloat'; posible pérdida de datos
d:\desarrollo\git\2pg_ta_garciasa\edk_workspace_projectmanhattan\src\horchata_program.cc(141): warning C4244: 'argumento': conversión de 'const unsigned int' a 'GLfloat'; posible pérdida de datos
d:\desarrollo\git\2pg_ta_garciasa\edk_workspace_projectmanhattan\src\horchata_program.cc(145): warning C4244: 'argumento': conversión de 'const unsigned int' a 'GLfloat'; posible pérdida de datos
ESAT_d.lib(draw.obj) : warning LNK4099: no se encontr¾ PDB 'ESAT_d.pdb' con 'ESAT_d.lib(draw.obj)' o en 'D:\Desarrollo\git\2PG_TA_garciasa\EDK_workspace_projectmanhattan\bin\ESAT_d.pdb'; se vincularß el objeto sin tener en cuenta informaci¾n de depuraci¾n
ESAT_d.lib(input.obj) : warning LNK4099: no se encontr¾ PDB 'ESAT_d.pdb' con 'ESAT_d.lib(input.obj)' o en 'D:\Desarrollo\git\2PG_TA_garciasa\EDK_workspace_projectmanhattan\bin\ESAT_d.pdb'; se vincularß el objeto sin tener en cuenta informaci¾n de depuraci¾n
ESAT_d.lib(math.obj) : warning LNK4099: no se encontr¾ PDB 'ESAT_d.pdb' con 'ESAT_d.lib(math.obj)' o en 'D:\Desarrollo\git\2PG_TA_garciasa\EDK_workspace_projectmanhattan\bin\ESAT_d.pdb'; se vincularß el objeto sin tener en cuenta informaci¾n de depuraci¾n
ESAT_d.lib(time.obj) : warning LNK4099: no se encontr¾ PDB 'ESAT_d.pdb' con 'ESAT_d.lib(time.obj)' o en 'D:\Desarrollo\git\2PG_TA_garciasa\EDK_workspace_projectmanhattan\bin\ESAT_d.pdb'; se vincularß el objeto sin tener en cuenta informaci¾n de depuraci¾n
ESAT_d.lib(window.obj) : warning LNK4099: no se encontr¾ PDB 'ESAT_d.pdb' con 'ESAT_d.lib(window.obj)' o en 'D:\Desarrollo\git\2PG_TA_garciasa\EDK_workspace_projectmanhattan\bin\ESAT_d.pdb'; se vincularß el objeto sin tener en cuenta informaci¾n de depuraci¾n
ESAT_d.lib(edk_camera.obj) : warning LNK4099: no se encontr¾ PDB 'ESAT_d.pdb' con 'ESAT_d.lib(edk_camera.obj)' o en 'D:\Desarrollo\git\2PG_TA_garciasa\EDK_workspace_projectmanhattan\bin\ESAT_d.pdb'; se vincularß el objeto sin tener en cuenta informaci¾n de depuraci¾n
ESAT_d.lib(edk_drawable.obj) : warning LNK4099: no se encontr¾ PDB 'ESAT_d.pdb' con 'ESAT_d.lib(edk_drawable.obj)' o en 'D:\Desarrollo\git\2PG_TA_garciasa\EDK_workspace_projectmanhattan\bin\ESAT_d.pdb'; se vincularß el objeto sin tener en cuenta informaci¾n de depuraci¾n
ESAT_d.lib(edk_geometry.obj) : warning LNK4099: no se encontr¾ PDB 'ESAT_d.pdb' con 'ESAT_d.lib(edk_geometry.obj)' o en 'D:\Desarrollo\git\2PG_TA_garciasa\EDK_workspace_projectmanhattan\bin\ESAT_d.pdb'; se vincularß el objeto sin tener en cuenta informaci¾n de depuraci¾n
ESAT_d.lib(edk_gpumanager.obj) : warning LNK4099: no se encontr¾ PDB 'ESAT_d.pdb' con 'ESAT_d.lib(edk_gpumanager.obj)' o en 'D:\Desarrollo\git\2PG_TA_garciasa\EDK_workspace_projectmanhattan\bin\ESAT_d.pdb'; se vincularß el objeto sin tener en cuenta informaci¾n de depuraci¾n
ESAT_d.lib(edk_gpuresources.obj) : warning LNK4099: no se encontr¾ PDB 'ESAT_d.pdb' con 'ESAT_d.lib(edk_gpuresources.obj)' o en 'D:\Desarrollo\git\2PG_TA_garciasa\EDK_workspace_projectmanhattan\bin\ESAT_d.pdb'; se vincularß el objeto sin tener en cuenta informaci¾n de depuraci¾n
ESAT_d.lib(edk_matdiffusetexture.obj) : warning LNK4099: no se encontr¾ PDB 'ESAT_d.pdb' con 'ESAT_d.lib(edk_matdiffusetexture.obj)' o en 'D:\Desarrollo\git\2PG_TA_garciasa\EDK_workspace_projectmanhattan\bin\ESAT_d.pdb'; se vincularß el objeto sin tener en cuenta informaci¾n de depuraci¾n
ESAT_d.lib(edk_material.obj) : warning LNK4099: no se encontr¾ PDB 'ESAT_d.pdb' con 'ESAT_d.lib(edk_material.obj)' o en 'D:\Desarrollo\git\2PG_TA_garciasa\EDK_workspace_projectmanhattan\bin\ESAT_d.pdb'; se vincularß el objeto sin tener en cuenta informaci¾n de depuraci¾n
ESAT_d.lib(edk_node.obj) : warning LNK4099: no se encontr¾ PDB 'ESAT_d.pdb' con 'ESAT_d.lib(edk_node.obj)' o en 'D:\Desarrollo\git\2PG_TA_garciasa\EDK_workspace_projectmanhattan\bin\ESAT_d.pdb'; se vincularß el objeto sin tener en cuenta informaci¾n de depuraci¾n
ESAT_d.lib(edk_rendertarget.obj) : warning LNK4099: no se encontr¾ PDB 'ESAT_d.pdb' con 'ESAT_d.lib(edk_rendertarget.obj)' o en 'D:\Desarrollo\git\2PG_TA_garciasa\EDK_workspace_projectmanhattan\bin\ESAT_d.pdb'; se vincularß el objeto sin tener en cuenta informaci¾n de depuraci¾n
ESAT_d.lib(nanovg.obj) : warning LNK4099: no se encontr¾ PDB 'ESAT_d.pdb' con 'ESAT_d.lib(nanovg.obj)' o en 'D:\Desarrollo\git\2PG_TA_garciasa\EDK_workspace_projectmanhattan\bin\ESAT_d.pdb'; se vincularß el objeto sin tener en cuenta informaci¾n de depuraci¾n
ESAT_d.lib(glew.obj) : warning LNK4099: no se encontr¾ PDB 'ESAT_d.pdb' con 'ESAT_d.lib(glew.obj)' o en 'D:\Desarrollo\git\2PG_TA_garciasa\EDK_workspace_projectmanhattan\bin\ESAT_d.pdb'; se vincularß el objeto sin tener en cuenta informaci¾n de depuraci¾n
ESAT_d.lib(context.obj) : warning LNK4099: no se encontr¾ PDB 'ESAT_d.pdb' con 'ESAT_d.lib(context.obj)' o en 'D:\Desarrollo\git\2PG_TA_garciasa\EDK_workspace_projectmanhattan\bin\ESAT_d.pdb'; se vincularß el objeto sin tener en cuenta informaci¾n de depuraci¾n
ESAT_d.lib(init.obj) : warning LNK4099: no se encontr¾ PDB 'ESAT_d.pdb' con 'ESAT_d.lib(init.obj)' o en 'D:\Desarrollo\git\2PG_TA_garciasa\EDK_workspace_projectmanhattan\bin\ESAT_d.pdb'; se vincularß el objeto sin tener en cuenta informaci¾n de depuraci¾n
ESAT_d.lib(input.obj) : warning LNK4099: no se encontr¾ PDB 'ESAT_d.pdb' con 'ESAT_d.lib(input.obj)' o en 'D:\Desarrollo\git\2PG_TA_garciasa\EDK_workspace_projectmanhattan\bin\ESAT_d.pdb'; se vincularß el objeto sin tener en cuenta informaci¾n de depuraci¾n
ESAT_d.lib(monitor.obj) : warning LNK4099: no se encontr¾ PDB 'ESAT_d.pdb' con 'ESAT_d.lib(monitor.obj)' o en 'D:\Desarrollo\git\2PG_TA_garciasa\EDK_workspace_projectmanhattan\bin\ESAT_d.pdb'; se vincularß el objeto sin tener en cuenta informaci¾n de depuraci¾n
ESAT_d.lib(window.obj) : warning LNK4099: no se encontr¾ PDB 'ESAT_d.pdb' con 'ESAT_d.lib(window.obj)' o en 'D:\Desarrollo\git\2PG_TA_garciasa\EDK_workspace_projectmanhattan\bin\ESAT_d.pdb'; se vincularß el objeto sin tener en cuenta informaci¾n de depuraci¾n
ESAT_d.lib(win32_init.obj) : warning LNK4099: no se encontr¾ PDB 'ESAT_d.pdb' con 'ESAT_d.lib(win32_init.obj)' o en 'D:\Desarrollo\git\2PG_TA_garciasa\EDK_workspace_projectmanhattan\bin\ESAT_d.pdb'; se vincularß el objeto sin tener en cuenta informaci¾n de depuraci¾n
ESAT_d.lib(win32_monitor.obj) : warning LNK4099: no se encontr¾ PDB 'ESAT_d.pdb' con 'ESAT_d.lib(win32_monitor.obj)' o en 'D:\Desarrollo\git\2PG_TA_garciasa\EDK_workspace_projectmanhattan\bin\ESAT_d.pdb'; se vincularß el objeto sin tener en cuenta informaci¾n de depuraci¾n
ESAT_d.lib(win32_time.obj) : warning LNK4099: no se encontr¾ PDB 'ESAT_d.pdb' con 'ESAT_d.lib(win32_time.obj)' o en 'D:\Desarrollo\git\2PG_TA_garciasa\EDK_workspace_projectmanhattan\bin\ESAT_d.pdb'; se vincularß el objeto sin tener en cuenta informaci¾n de depuraci¾n
ESAT_d.lib(win32_tls.obj) : warning LNK4099: no se encontr¾ PDB 'ESAT_d.pdb' con 'ESAT_d.lib(win32_tls.obj)' o en 'D:\Desarrollo\git\2PG_TA_garciasa\EDK_workspace_projectmanhattan\bin\ESAT_d.pdb'; se vincularß el objeto sin tener en cuenta informaci¾n de depuraci¾n
ESAT_d.lib(win32_window.obj) : warning LNK4099: no se encontr¾ PDB 'ESAT_d.pdb' con 'ESAT_d.lib(win32_window.obj)' o en 'D:\Desarrollo\git\2PG_TA_garciasa\EDK_workspace_projectmanhattan\bin\ESAT_d.pdb'; se vincularß el objeto sin tener en cuenta informaci¾n de depuraci¾n
ESAT_d.lib(wgl_context.obj) : warning LNK4099: no se encontr¾ PDB 'ESAT_d.pdb' con 'ESAT_d.lib(wgl_context.obj)' o en 'D:\Desarrollo\git\2PG_TA_garciasa\EDK_workspace_projectmanhattan\bin\ESAT_d.pdb'; se vincularß el objeto sin tener en cuenta informaci¾n de depuraci¾n
ESAT_d.lib(winmm_joystick.obj) : warning LNK4099: no se encontr¾ PDB 'ESAT_d.pdb' con 'ESAT_d.lib(winmm_joystick.obj)' o en 'D:\Desarrollo\git\2PG_TA_garciasa\EDK_workspace_projectmanhattan\bin\ESAT_d.pdb'; se vincularß el objeto sin tener en cuenta informaci¾n de depuraci¾n
ESAT_extra_d.lib(imgui.obj) : warning LNK4099: no se encontr¾ PDB 'ESAT_extra_d.pdb' con 'ESAT_extra_d.lib(imgui.obj)' o en 'D:\Desarrollo\git\2PG_TA_garciasa\EDK_workspace_projectmanhattan\bin\ESAT_extra_d.pdb'; se vincularß el objeto sin tener en cuenta informaci¾n de depuraci¾n
ESAT_extra_d.lib(imgui.obj) : warning LNK4099: no se encontr¾ PDB 'ESAT_extra_d.pdb' con 'ESAT_extra_d.lib(imgui.obj)' o en 'D:\Desarrollo\git\2PG_TA_garciasa\EDK_workspace_projectmanhattan\bin\ESAT_extra_d.pdb'; se vincularß el objeto sin tener en cuenta informaci¾n de depuraci¾n
ESAT_extra_d.lib(imgui_draw.obj) : warning LNK4099: no se encontr¾ PDB 'ESAT_extra_d.pdb' con 'ESAT_extra_d.lib(imgui_draw.obj)' o en 'D:\Desarrollo\git\2PG_TA_garciasa\EDK_workspace_projectmanhattan\bin\ESAT_extra_d.pdb'; se vincularß el objeto sin tener en cuenta informaci¾n de depuraci¾n
  EDK_workspace.vcxproj -> D:\Desarrollo\git\2PG_TA_garciasa\EDK_workspace_projectmanhattan\project\VS2017\EDK_workspace\..\..\..\bin\EDK_workspace.exe
