  matrix_3.cc
  vector_2.cc
d:\desarrollo\git\2pg_ta_garciasa\edk_workspace_cubeexample\math_library\math_library\include\vector_2.h(63): warning C4100: 'other': parámetro formal sin referencia
d:\desarrollo\git\2pg_ta_garciasa\edk_workspace_cubeexample\math_library\math_library\include\vector_2.h(68): warning C4100: 'other': parámetro formal sin referencia
d:\desarrollo\git\2pg_ta_garciasa\edk_workspace_cubeexample\math_library\math_library\include\vector_2.h(72): warning C4100: 'value': parámetro formal sin referencia
d:\desarrollo\git\2pg_ta_garciasa\edk_workspace_cubeexample\math_library\math_library\include\vector_2.h(76): warning C4100: 'other': parámetro formal sin referencia
d:\desarrollo\git\2pg_ta_garciasa\edk_workspace_cubeexample\math_library\math_library\include\vector_2.h(80): warning C4100: 'value': parámetro formal sin referencia
d:\desarrollo\git\2pg_ta_garciasa\edk_workspace_cubeexample\math_library\math_library\include\vector_2.h(84): warning C4100: 'other': parámetro formal sin referencia
d:\desarrollo\git\2pg_ta_garciasa\edk_workspace_cubeexample\math_library\math_library\include\vector_2.h(88): warning C4100: 'value': parámetro formal sin referencia
d:\desarrollo\git\2pg_ta_garciasa\edk_workspace_cubeexample\math_library\math_library\include\vector_2.h(96): warning C4100: 'other': parámetro formal sin referencia
d:\desarrollo\git\2pg_ta_garciasa\edk_workspace_cubeexample\math_library\math_library\include\vector_2.h(100): warning C4100: 'value': parámetro formal sin referencia
d:\desarrollo\git\2pg_ta_garciasa\edk_workspace_cubeexample\math_library\math_library\include\vector_2.h(104): warning C4100: 'value': parámetro formal sin referencia
d:\desarrollo\git\2pg_ta_garciasa\edk_workspace_cubeexample\math_library\math_library\include\vector_2.h(108): warning C4100: 'value': parámetro formal sin referencia
d:\desarrollo\git\2pg_ta_garciasa\edk_workspace_cubeexample\math_library\math_library\include\vector_2.h(113): warning C4100: 'other': parámetro formal sin referencia
d:\desarrollo\git\2pg_ta_garciasa\edk_workspace_cubeexample\math_library\math_library\include\vector_2.h(116): warning C4100: 'value': parámetro formal sin referencia
d:\desarrollo\git\2pg_ta_garciasa\edk_workspace_cubeexample\math_library\math_library\include\vector_2.h(119): warning C4100: 'value': parámetro formal sin referencia
d:\desarrollo\git\2pg_ta_garciasa\edk_workspace_cubeexample\math_library\math_library\include\vector_2.h(123): warning C4100: 'value': parámetro formal sin referencia
d:\desarrollo\git\2pg_ta_garciasa\edk_workspace_cubeexample\math_library\math_library\include\vector_2.h(127): warning C4100: 'value': parámetro formal sin referencia
d:\desarrollo\git\2pg_ta_garciasa\edk_workspace_cubeexample\math_library\math_library\include\vector_2.h(132): warning C4239: se ha utilizado una extensión no estándar: 'return': conversión de 'Vector2' a 'Vector2 &'
  d:\desarrollo\git\2pg_ta_garciasa\edk_workspace_cubeexample\math_library\math_library\include\vector_2.h(132): note: Una referencia que no es const solamente se puede enlazar a un valor L
d:\desarrollo\git\2pg_ta_garciasa\edk_workspace_cubeexample\math_library\math_library\include\vector_2.h(131): warning C4100: 'value': parámetro formal sin referencia
d:\desarrollo\git\2pg_ta_garciasa\edk_workspace_cubeexample\math_library\math_library\include\vector_2.h(159): warning C4100: 't': parámetro formal sin referencia
d:\desarrollo\git\2pg_ta_garciasa\edk_workspace_cubeexample\math_library\math_library\include\vector_2.h(163): warning C4100: 't': parámetro formal sin referencia
  vector_3.cc
d:\desarrollo\git\2pg_ta_garciasa\edk_workspace_cubeexample\math_library\math_library\include\math_utils.h(14): warning C4100: 'copy': parámetro formal sin referencia
d:\desarrollo\git\2pg_ta_garciasa\edk_workspace_cubeexample\math_library\math_library\include\math_utils.h(17): warning C4100: 'maxVal': parámetro formal sin referencia
d:\desarrollo\git\2pg_ta_garciasa\edk_workspace_cubeexample\math_library\math_library\include\math_utils.h(17): warning C4100: 'minVal': parámetro formal sin referencia
d:\desarrollo\git\2pg_ta_garciasa\edk_workspace_cubeexample\math_library\math_library\include\math_utils.h(17): warning C4100: 'value': parámetro formal sin referencia
d:\desarrollo\git\2pg_ta_garciasa\edk_workspace_cubeexample\math_library\math_library\include\vector_3.h(62): warning C4100: 'z': parámetro formal sin referencia
d:\desarrollo\git\2pg_ta_garciasa\edk_workspace_cubeexample\math_library\math_library\include\vector_3.h(62): warning C4100: 'y': parámetro formal sin referencia
d:\desarrollo\git\2pg_ta_garciasa\edk_workspace_cubeexample\math_library\math_library\include\vector_3.h(62): warning C4100: 'x': parámetro formal sin referencia
d:\desarrollo\git\2pg_ta_garciasa\edk_workspace_cubeexample\math_library\math_library\include\vector_3.h(65): warning C4100: 'values_array': parámetro formal sin referencia
d:\desarrollo\git\2pg_ta_garciasa\edk_workspace_cubeexample\math_library\math_library\include\vector_3.h(68): warning C4100: 'value': parámetro formal sin referencia
d:\desarrollo\git\2pg_ta_garciasa\edk_workspace_cubeexample\math_library\math_library\include\vector_3.h(71): warning C4100: 'other': parámetro formal sin referencia
d:\desarrollo\git\2pg_ta_garciasa\edk_workspace_cubeexample\math_library\math_library\include\vector_3.h(90): warning C4100: 'other': parámetro formal sin referencia
d:\desarrollo\git\2pg_ta_garciasa\edk_workspace_cubeexample\math_library\math_library\include\vector_3.h(90): warning C4100: 'a': parámetro formal sin referencia
d:\desarrollo\git\2pg_ta_garciasa\edk_workspace_cubeexample\math_library\math_library\include\vector_3.h(94): warning C4100: 'other': parámetro formal sin referencia
d:\desarrollo\git\2pg_ta_garciasa\edk_workspace_cubeexample\math_library\math_library\include\vector_3.h(94): warning C4100: 'a': parámetro formal sin referencia
d:\desarrollo\git\2pg_ta_garciasa\edk_workspace_cubeexample\math_library\math_library\include\vector_3.h(98): warning C4100: 'other': parámetro formal sin referencia
d:\desarrollo\git\2pg_ta_garciasa\edk_workspace_cubeexample\math_library\math_library\include\vector_3.h(98): warning C4100: 'a': parámetro formal sin referencia
d:\desarrollo\git\2pg_ta_garciasa\edk_workspace_cubeexample\math_library\math_library\include\vector_3.h(106): warning C4100: 'other': parámetro formal sin referencia
d:\desarrollo\git\2pg_ta_garciasa\edk_workspace_cubeexample\math_library\math_library\include\vector_3.h(109): warning C4100: 't': parámetro formal sin referencia
d:\desarrollo\git\2pg_ta_garciasa\edk_workspace_cubeexample\math_library\math_library\include\vector_3.h(109): warning C4100: 'b': parámetro formal sin referencia
d:\desarrollo\git\2pg_ta_garciasa\edk_workspace_cubeexample\math_library\math_library\include\vector_3.h(109): warning C4100: 'a': parámetro formal sin referencia
d:\desarrollo\git\2pg_ta_garciasa\edk_workspace_cubeexample\math_library\math_library\include\vector_3.h(113): warning C4100: 't': parámetro formal sin referencia
d:\desarrollo\git\2pg_ta_garciasa\edk_workspace_cubeexample\math_library\math_library\include\vector_3.h(113): warning C4100: 'b': parámetro formal sin referencia
d:\desarrollo\git\2pg_ta_garciasa\edk_workspace_cubeexample\math_library\math_library\include\vector_3.h(113): warning C4100: 'a': parámetro formal sin referencia
d:\desarrollo\git\2pg_ta_garciasa\edk_workspace_cubeexample\math_library\math_library\include\vector_3.h(117): warning C4100: 'b': parámetro formal sin referencia
d:\desarrollo\git\2pg_ta_garciasa\edk_workspace_cubeexample\math_library\math_library\include\vector_3.h(117): warning C4100: 'a': parámetro formal sin referencia
d:\desarrollo\git\2pg_ta_garciasa\edk_workspace_cubeexample\math_library\math_library\include\vector_3.h(121): warning C4100: 'normal': parámetro formal sin referencia
d:\desarrollo\git\2pg_ta_garciasa\edk_workspace_cubeexample\math_library\math_library\include\vector_3.h(121): warning C4100: 'direction': parámetro formal sin referencia
d:\desarrollo\git\2pg_ta_garciasa\edk_workspace_cubeexample\math_library\math_library\include\vector_3.h(125): warning C4100: 'other': parámetro formal sin referencia
d:\desarrollo\git\2pg_ta_garciasa\edk_workspace_cubeexample\math_library\math_library\include\vector_3.h(129): warning C4100: 'value': parámetro formal sin referencia
d:\desarrollo\git\2pg_ta_garciasa\edk_workspace_cubeexample\math_library\math_library\include\vector_3.h(133): warning C4100: 'other': parámetro formal sin referencia
d:\desarrollo\git\2pg_ta_garciasa\edk_workspace_cubeexample\math_library\math_library\include\vector_3.h(137): warning C4100: 'value': parámetro formal sin referencia
d:\desarrollo\git\2pg_ta_garciasa\edk_workspace_cubeexample\math_library\math_library\include\vector_3.h(141): warning C4100: 'other': parámetro formal sin referencia
d:\desarrollo\git\2pg_ta_garciasa\edk_workspace_cubeexample\math_library\math_library\include\vector_3.h(145): warning C4100: 'value': parámetro formal sin referencia
d:\desarrollo\git\2pg_ta_garciasa\edk_workspace_cubeexample\math_library\math_library\include\vector_3.h(149): warning C4100: 'other': parámetro formal sin referencia
d:\desarrollo\git\2pg_ta_garciasa\edk_workspace_cubeexample\math_library\math_library\include\vector_3.h(153): warning C4100: 'value': parámetro formal sin referencia
d:\desarrollo\git\2pg_ta_garciasa\edk_workspace_cubeexample\math_library\math_library\include\vector_3.h(157): warning C4100: 'other': parámetro formal sin referencia
d:\desarrollo\git\2pg_ta_garciasa\edk_workspace_cubeexample\math_library\math_library\include\vector_3.h(161): warning C4100: 'other': parámetro formal sin referencia
d:\desarrollo\git\2pg_ta_garciasa\edk_workspace_cubeexample\math_library\math_library\include\vector_3.h(165): warning C4100: 'other': parámetro formal sin referencia
d:\desarrollo\git\2pg_ta_garciasa\edk_workspace_cubeexample\math_library\math_library\include\vector_3.h(168): warning C4100: 'value': parámetro formal sin referencia
d:\desarrollo\git\2pg_ta_garciasa\edk_workspace_cubeexample\math_library\math_library\include\vector_3.h(171): warning C4100: 'value': parámetro formal sin referencia
d:\desarrollo\git\2pg_ta_garciasa\edk_workspace_cubeexample\math_library\math_library\include\vector_3.h(175): warning C4100: 'value': parámetro formal sin referencia
d:\desarrollo\git\2pg_ta_garciasa\edk_workspace_cubeexample\math_library\math_library\include\vector_3.h(179): warning C4100: 'value': parámetro formal sin referencia
d:\desarrollo\git\2pg_ta_garciasa\edk_workspace_cubeexample\math_library\math_library\include\vector_3.h(183): warning C4100: 'value': parámetro formal sin referencia
  vector_4.cc
d:\desarrollo\git\2pg_ta_garciasa\edk_workspace_cubeexample\math_library\math_library\include\math_utils.h(14): warning C4100: 'copy': parámetro formal sin referencia
d:\desarrollo\git\2pg_ta_garciasa\edk_workspace_cubeexample\math_library\math_library\include\math_utils.h(17): warning C4100: 'maxVal': parámetro formal sin referencia
d:\desarrollo\git\2pg_ta_garciasa\edk_workspace_cubeexample\math_library\math_library\include\math_utils.h(17): warning C4100: 'minVal': parámetro formal sin referencia
d:\desarrollo\git\2pg_ta_garciasa\edk_workspace_cubeexample\math_library\math_library\include\math_utils.h(17): warning C4100: 'value': parámetro formal sin referencia
d:\desarrollo\git\2pg_ta_garciasa\edk_workspace_cubeexample\math_library\math_library\include\vector_3.h(62): warning C4100: 'z': parámetro formal sin referencia
d:\desarrollo\git\2pg_ta_garciasa\edk_workspace_cubeexample\math_library\math_library\include\vector_3.h(62): warning C4100: 'y': parámetro formal sin referencia
d:\desarrollo\git\2pg_ta_garciasa\edk_workspace_cubeexample\math_library\math_library\include\vector_3.h(62): warning C4100: 'x': parámetro formal sin referencia
d:\desarrollo\git\2pg_ta_garciasa\edk_workspace_cubeexample\math_library\math_library\include\vector_3.h(65): warning C4100: 'values_array': parámetro formal sin referencia
d:\desarrollo\git\2pg_ta_garciasa\edk_workspace_cubeexample\math_library\math_library\include\vector_3.h(68): warning C4100: 'value': parámetro formal sin referencia
d:\desarrollo\git\2pg_ta_garciasa\edk_workspace_cubeexample\math_library\math_library\include\vector_3.h(71): warning C4100: 'other': parámetro formal sin referencia
d:\desarrollo\git\2pg_ta_garciasa\edk_workspace_cubeexample\math_library\math_library\include\vector_3.h(90): warning C4100: 'other': parámetro formal sin referencia
d:\desarrollo\git\2pg_ta_garciasa\edk_workspace_cubeexample\math_library\math_library\include\vector_3.h(90): warning C4100: 'a': parámetro formal sin referencia
d:\desarrollo\git\2pg_ta_garciasa\edk_workspace_cubeexample\math_library\math_library\include\vector_3.h(94): warning C4100: 'other': parámetro formal sin referencia
d:\desarrollo\git\2pg_ta_garciasa\edk_workspace_cubeexample\math_library\math_library\include\vector_3.h(94): warning C4100: 'a': parámetro formal sin referencia
d:\desarrollo\git\2pg_ta_garciasa\edk_workspace_cubeexample\math_library\math_library\include\vector_3.h(98): warning C4100: 'other': parámetro formal sin referencia
d:\desarrollo\git\2pg_ta_garciasa\edk_workspace_cubeexample\math_library\math_library\include\vector_3.h(98): warning C4100: 'a': parámetro formal sin referencia
d:\desarrollo\git\2pg_ta_garciasa\edk_workspace_cubeexample\math_library\math_library\include\vector_3.h(106): warning C4100: 'other': parámetro formal sin referencia
d:\desarrollo\git\2pg_ta_garciasa\edk_workspace_cubeexample\math_library\math_library\include\vector_3.h(109): warning C4100: 't': parámetro formal sin referencia
d:\desarrollo\git\2pg_ta_garciasa\edk_workspace_cubeexample\math_library\math_library\include\vector_3.h(109): warning C4100: 'b': parámetro formal sin referencia
d:\desarrollo\git\2pg_ta_garciasa\edk_workspace_cubeexample\math_library\math_library\include\vector_3.h(109): warning C4100: 'a': parámetro formal sin referencia
d:\desarrollo\git\2pg_ta_garciasa\edk_workspace_cubeexample\math_library\math_library\include\vector_3.h(113): warning C4100: 't': parámetro formal sin referencia
d:\desarrollo\git\2pg_ta_garciasa\edk_workspace_cubeexample\math_library\math_library\include\vector_3.h(113): warning C4100: 'b': parámetro formal sin referencia
d:\desarrollo\git\2pg_ta_garciasa\edk_workspace_cubeexample\math_library\math_library\include\vector_3.h(113): warning C4100: 'a': parámetro formal sin referencia
d:\desarrollo\git\2pg_ta_garciasa\edk_workspace_cubeexample\math_library\math_library\include\vector_3.h(117): warning C4100: 'b': parámetro formal sin referencia
d:\desarrollo\git\2pg_ta_garciasa\edk_workspace_cubeexample\math_library\math_library\include\vector_3.h(117): warning C4100: 'a': parámetro formal sin referencia
d:\desarrollo\git\2pg_ta_garciasa\edk_workspace_cubeexample\math_library\math_library\include\vector_3.h(121): warning C4100: 'normal': parámetro formal sin referencia
d:\desarrollo\git\2pg_ta_garciasa\edk_workspace_cubeexample\math_library\math_library\include\vector_3.h(121): warning C4100: 'direction': parámetro formal sin referencia
d:\desarrollo\git\2pg_ta_garciasa\edk_workspace_cubeexample\math_library\math_library\include\vector_3.h(125): warning C4100: 'other': parámetro formal sin referencia
d:\desarrollo\git\2pg_ta_garciasa\edk_workspace_cubeexample\math_library\math_library\include\vector_3.h(129): warning C4100: 'value': parámetro formal sin referencia
d:\desarrollo\git\2pg_ta_garciasa\edk_workspace_cubeexample\math_library\math_library\include\vector_3.h(133): warning C4100: 'other': parámetro formal sin referencia
d:\desarrollo\git\2pg_ta_garciasa\edk_workspace_cubeexample\math_library\math_library\include\vector_3.h(137): warning C4100: 'value': parámetro formal sin referencia
d:\desarrollo\git\2pg_ta_garciasa\edk_workspace_cubeexample\math_library\math_library\include\vector_3.h(141): warning C4100: 'other': parámetro formal sin referencia
d:\desarrollo\git\2pg_ta_garciasa\edk_workspace_cubeexample\math_library\math_library\include\vector_3.h(145): warning C4100: 'value': parámetro formal sin referencia
d:\desarrollo\git\2pg_ta_garciasa\edk_workspace_cubeexample\math_library\math_library\include\vector_3.h(149): warning C4100: 'other': parámetro formal sin referencia
d:\desarrollo\git\2pg_ta_garciasa\edk_workspace_cubeexample\math_library\math_library\include\vector_3.h(153): warning C4100: 'value': parámetro formal sin referencia
d:\desarrollo\git\2pg_ta_garciasa\edk_workspace_cubeexample\math_library\math_library\include\vector_3.h(157): warning C4100: 'other': parámetro formal sin referencia
d:\desarrollo\git\2pg_ta_garciasa\edk_workspace_cubeexample\math_library\math_library\include\vector_3.h(161): warning C4100: 'other': parámetro formal sin referencia
d:\desarrollo\git\2pg_ta_garciasa\edk_workspace_cubeexample\math_library\math_library\include\vector_3.h(165): warning C4100: 'other': parámetro formal sin referencia
d:\desarrollo\git\2pg_ta_garciasa\edk_workspace_cubeexample\math_library\math_library\include\vector_3.h(168): warning C4100: 'value': parámetro formal sin referencia
d:\desarrollo\git\2pg_ta_garciasa\edk_workspace_cubeexample\math_library\math_library\include\vector_3.h(171): warning C4100: 'value': parámetro formal sin referencia
d:\desarrollo\git\2pg_ta_garciasa\edk_workspace_cubeexample\math_library\math_library\include\vector_3.h(175): warning C4100: 'value': parámetro formal sin referencia
d:\desarrollo\git\2pg_ta_garciasa\edk_workspace_cubeexample\math_library\math_library\include\vector_3.h(179): warning C4100: 'value': parámetro formal sin referencia
d:\desarrollo\git\2pg_ta_garciasa\edk_workspace_cubeexample\math_library\math_library\include\vector_3.h(183): warning C4100: 'value': parámetro formal sin referencia
d:\desarrollo\git\2pg_ta_garciasa\edk_workspace_cubeexample\math_library\math_library\include\vector_2.h(63): warning C4100: 'other': parámetro formal sin referencia
d:\desarrollo\git\2pg_ta_garciasa\edk_workspace_cubeexample\math_library\math_library\include\vector_2.h(68): warning C4100: 'other': parámetro formal sin referencia
d:\desarrollo\git\2pg_ta_garciasa\edk_workspace_cubeexample\math_library\math_library\include\vector_2.h(72): warning C4100: 'value': parámetro formal sin referencia
d:\desarrollo\git\2pg_ta_garciasa\edk_workspace_cubeexample\math_library\math_library\include\vector_2.h(76): warning C4100: 'other': parámetro formal sin referencia
d:\desarrollo\git\2pg_ta_garciasa\edk_workspace_cubeexample\math_library\math_library\include\vector_2.h(80): warning C4100: 'value': parámetro formal sin referencia
d:\desarrollo\git\2pg_ta_garciasa\edk_workspace_cubeexample\math_library\math_library\include\vector_2.h(84): warning C4100: 'other': parámetro formal sin referencia
d:\desarrollo\git\2pg_ta_garciasa\edk_workspace_cubeexample\math_library\math_library\include\vector_2.h(88): warning C4100: 'value': parámetro formal sin referencia
d:\desarrollo\git\2pg_ta_garciasa\edk_workspace_cubeexample\math_library\math_library\include\vector_2.h(96): warning C4100: 'other': parámetro formal sin referencia
d:\desarrollo\git\2pg_ta_garciasa\edk_workspace_cubeexample\math_library\math_library\include\vector_2.h(100): warning C4100: 'value': parámetro formal sin referencia
d:\desarrollo\git\2pg_ta_garciasa\edk_workspace_cubeexample\math_library\math_library\include\vector_2.h(104): warning C4100: 'value': parámetro formal sin referencia
d:\desarrollo\git\2pg_ta_garciasa\edk_workspace_cubeexample\math_library\math_library\include\vector_2.h(108): warning C4100: 'value': parámetro formal sin referencia
d:\desarrollo\git\2pg_ta_garciasa\edk_workspace_cubeexample\math_library\math_library\include\vector_2.h(113): warning C4100: 'other': parámetro formal sin referencia
d:\desarrollo\git\2pg_ta_garciasa\edk_workspace_cubeexample\math_library\math_library\include\vector_2.h(116): warning C4100: 'value': parámetro formal sin referencia
d:\desarrollo\git\2pg_ta_garciasa\edk_workspace_cubeexample\math_library\math_library\include\vector_2.h(119): warning C4100: 'value': parámetro formal sin referencia
d:\desarrollo\git\2pg_ta_garciasa\edk_workspace_cubeexample\math_library\math_library\include\vector_2.h(123): warning C4100: 'value': parámetro formal sin referencia
d:\desarrollo\git\2pg_ta_garciasa\edk_workspace_cubeexample\math_library\math_library\include\vector_2.h(127): warning C4100: 'value': parámetro formal sin referencia
d:\desarrollo\git\2pg_ta_garciasa\edk_workspace_cubeexample\math_library\math_library\include\vector_2.h(132): warning C4239: se ha utilizado una extensión no estándar: 'return': conversión de 'Vector2' a 'Vector2 &'
  d:\desarrollo\git\2pg_ta_garciasa\edk_workspace_cubeexample\math_library\math_library\include\vector_2.h(132): note: Una referencia que no es const solamente se puede enlazar a un valor L
d:\desarrollo\git\2pg_ta_garciasa\edk_workspace_cubeexample\math_library\math_library\include\vector_2.h(131): warning C4100: 'value': parámetro formal sin referencia
d:\desarrollo\git\2pg_ta_garciasa\edk_workspace_cubeexample\math_library\math_library\include\vector_2.h(159): warning C4100: 't': parámetro formal sin referencia
d:\desarrollo\git\2pg_ta_garciasa\edk_workspace_cubeexample\math_library\math_library\include\vector_2.h(163): warning C4100: 't': parámetro formal sin referencia
d:\desarrollo\git\2pg_ta_garciasa\edk_workspace_cubeexample\math_library\math_library\include\matrix_3.h(59): warning C4100: 'value': parámetro formal sin referencia
d:\desarrollo\git\2pg_ta_garciasa\edk_workspace_cubeexample\math_library\math_library\include\matrix_3.h(62): warning C4100: 'values_array': parámetro formal sin referencia
d:\desarrollo\git\2pg_ta_garciasa\edk_workspace_cubeexample\math_library\math_library\include\matrix_3.h(68): warning C4100: 'copy': parámetro formal sin referencia
d:\desarrollo\git\2pg_ta_garciasa\edk_workspace_cubeexample\math_library\math_library\include\matrix_3.h(74): warning C4100: 'other': parámetro formal sin referencia
d:\desarrollo\git\2pg_ta_garciasa\edk_workspace_cubeexample\math_library\math_library\include\matrix_3.h(77): warning C4100: 'other': parámetro formal sin referencia
d:\desarrollo\git\2pg_ta_garciasa\edk_workspace_cubeexample\math_library\math_library\include\matrix_3.h(80): warning C4100: 'value': parámetro formal sin referencia
d:\desarrollo\git\2pg_ta_garciasa\edk_workspace_cubeexample\math_library\math_library\include\matrix_3.h(84): warning C4100: 'value': parámetro formal sin referencia
d:\desarrollo\git\2pg_ta_garciasa\edk_workspace_cubeexample\math_library\math_library\include\matrix_3.h(87): warning C4100: 'other': parámetro formal sin referencia
d:\desarrollo\git\2pg_ta_garciasa\edk_workspace_cubeexample\math_library\math_library\include\matrix_3.h(91): warning C4100: 'other': parámetro formal sin referencia
d:\desarrollo\git\2pg_ta_garciasa\edk_workspace_cubeexample\math_library\math_library\include\matrix_3.h(94): warning C4100: 'value': parámetro formal sin referencia
d:\desarrollo\git\2pg_ta_garciasa\edk_workspace_cubeexample\math_library\math_library\include\matrix_3.h(98): warning C4100: 'value': parámetro formal sin referencia
d:\desarrollo\git\2pg_ta_garciasa\edk_workspace_cubeexample\math_library\math_library\include\matrix_3.h(101): warning C4100: 'value': parámetro formal sin referencia
d:\desarrollo\git\2pg_ta_garciasa\edk_workspace_cubeexample\math_library\math_library\include\matrix_3.h(105): warning C4100: 'value': parámetro formal sin referencia
d:\desarrollo\git\2pg_ta_garciasa\edk_workspace_cubeexample\math_library\math_library\include\matrix_3.h(108): warning C4100: 'value': parámetro formal sin referencia
d:\desarrollo\git\2pg_ta_garciasa\edk_workspace_cubeexample\math_library\math_library\include\matrix_3.h(112): warning C4100: 'value': parámetro formal sin referencia
d:\desarrollo\git\2pg_ta_garciasa\edk_workspace_cubeexample\math_library\math_library\include\matrix_3.h(116): warning C4100: 'other': parámetro formal sin referencia
d:\desarrollo\git\2pg_ta_garciasa\edk_workspace_cubeexample\math_library\math_library\include\matrix_3.h(120): warning C4100: 'other': parámetro formal sin referencia
d:\desarrollo\git\2pg_ta_garciasa\edk_workspace_cubeexample\math_library\math_library\include\matrix_3.h(124): warning C4100: 'other': parámetro formal sin referencia
d:\desarrollo\git\2pg_ta_garciasa\edk_workspace_cubeexample\math_library\math_library\include\matrix_3.h(135): warning C4100: 'out': parámetro formal sin referencia
d:\desarrollo\git\2pg_ta_garciasa\edk_workspace_cubeexample\math_library\math_library\include\matrix_3.h(143): warning C4100: 'mov_vector': parámetro formal sin referencia
d:\desarrollo\git\2pg_ta_garciasa\edk_workspace_cubeexample\math_library\math_library\include\matrix_3.h(147): warning C4100: 'y': parámetro formal sin referencia
d:\desarrollo\git\2pg_ta_garciasa\edk_workspace_cubeexample\math_library\math_library\include\matrix_3.h(147): warning C4100: 'x': parámetro formal sin referencia
d:\desarrollo\git\2pg_ta_garciasa\edk_workspace_cubeexample\math_library\math_library\include\matrix_3.h(151): warning C4100: 'other': parámetro formal sin referencia
d:\desarrollo\git\2pg_ta_garciasa\edk_workspace_cubeexample\math_library\math_library\include\matrix_3.h(163): warning C4100: 'colum': parámetro formal sin referencia
d:\desarrollo\git\2pg_ta_garciasa\edk_workspace_cubeexample\math_library\math_library\include\matrix_3.h(167): warning C4100: 'line': parámetro formal sin referencia
d:\desarrollo\git\2pg_ta_garciasa\edk_workspace_cubeexample\math_library\math_library\include\vector_4.h(57): warning C4100: 'w': parámetro formal sin referencia
d:\desarrollo\git\2pg_ta_garciasa\edk_workspace_cubeexample\math_library\math_library\include\vector_4.h(57): warning C4100: 'z': parámetro formal sin referencia
d:\desarrollo\git\2pg_ta_garciasa\edk_workspace_cubeexample\math_library\math_library\include\vector_4.h(57): warning C4100: 'y': parámetro formal sin referencia
d:\desarrollo\git\2pg_ta_garciasa\edk_workspace_cubeexample\math_library\math_library\include\vector_4.h(57): warning C4100: 'x': parámetro formal sin referencia
d:\desarrollo\git\2pg_ta_garciasa\edk_workspace_cubeexample\math_library\math_library\include\vector_4.h(60): warning C4100: 'w': parámetro formal sin referencia
d:\desarrollo\git\2pg_ta_garciasa\edk_workspace_cubeexample\math_library\math_library\include\vector_4.h(63): warning C4100: 'a': parámetro formal sin referencia
d:\desarrollo\git\2pg_ta_garciasa\edk_workspace_cubeexample\math_library\math_library\include\vector_4.h(66): warning C4100: 'values_array': parámetro formal sin referencia
d:\desarrollo\git\2pg_ta_garciasa\edk_workspace_cubeexample\math_library\math_library\include\vector_4.h(69): warning C4100: 'other': parámetro formal sin referencia
d:\desarrollo\git\2pg_ta_garciasa\edk_workspace_cubeexample\math_library\math_library\include\vector_4.h(92): warning C4100: 'b': parámetro formal sin referencia
d:\desarrollo\git\2pg_ta_garciasa\edk_workspace_cubeexample\math_library\math_library\include\vector_4.h(92): warning C4100: 'a': parámetro formal sin referencia
d:\desarrollo\git\2pg_ta_garciasa\edk_workspace_cubeexample\math_library\math_library\include\vector_4.h(100): warning C4100: 'index': parámetro formal sin referencia
d:\desarrollo\git\2pg_ta_garciasa\edk_workspace_cubeexample\math_library\math_library\include\vector_4.h(100): warning C4100: 'b': parámetro formal sin referencia
d:\desarrollo\git\2pg_ta_garciasa\edk_workspace_cubeexample\math_library\math_library\include\vector_4.h(100): warning C4100: 'a': parámetro formal sin referencia
d:\desarrollo\git\2pg_ta_garciasa\edk_workspace_cubeexample\math_library\math_library\include\vector_4.h(104): warning C4100: 'other': parámetro formal sin referencia
d:\desarrollo\git\2pg_ta_garciasa\edk_workspace_cubeexample\math_library\math_library\include\vector_4.h(108): warning C4100: 'value': parámetro formal sin referencia
d:\desarrollo\git\2pg_ta_garciasa\edk_workspace_cubeexample\math_library\math_library\include\vector_4.h(112): warning C4100: 'other': parámetro formal sin referencia
d:\desarrollo\git\2pg_ta_garciasa\edk_workspace_cubeexample\math_library\math_library\include\vector_4.h(116): warning C4100: 'value': parámetro formal sin referencia
d:\desarrollo\git\2pg_ta_garciasa\edk_workspace_cubeexample\math_library\math_library\include\vector_4.h(120): warning C4100: 'other': parámetro formal sin referencia
d:\desarrollo\git\2pg_ta_garciasa\edk_workspace_cubeexample\math_library\math_library\include\vector_4.h(124): warning C4100: 'value': parámetro formal sin referencia
d:\desarrollo\git\2pg_ta_garciasa\edk_workspace_cubeexample\math_library\math_library\include\vector_4.h(128): warning C4100: 'other': parámetro formal sin referencia
d:\desarrollo\git\2pg_ta_garciasa\edk_workspace_cubeexample\math_library\math_library\include\vector_4.h(131): warning C4100: 'value': parámetro formal sin referencia
d:\desarrollo\git\2pg_ta_garciasa\edk_workspace_cubeexample\math_library\math_library\include\vector_4.h(134): warning C4100: 'value': parámetro formal sin referencia
d:\desarrollo\git\2pg_ta_garciasa\edk_workspace_cubeexample\math_library\math_library\include\vector_4.h(138): warning C4100: 'value': parámetro formal sin referencia
d:\desarrollo\git\2pg_ta_garciasa\edk_workspace_cubeexample\math_library\math_library\include\vector_4.h(141): warning C4100: 'value': parámetro formal sin referencia
d:\desarrollo\git\2pg_ta_garciasa\edk_workspace_cubeexample\math_library\math_library\include\vector_4.h(145): warning C4100: 'value': parámetro formal sin referencia
d:\desarrollo\git\2pg_ta_garciasa\edk_workspace_cubeexample\math_library\math_library\include\vector_4.h(148): warning C4100: 'other': parámetro formal sin referencia
d:\desarrollo\git\2pg_ta_garciasa\edk_workspace_cubeexample\math_library\math_library\include\vector_4.h(151): warning C4100: 'other': parámetro formal sin referencia
d:\desarrollo\git\2pg_ta_garciasa\edk_workspace_cubeexample\math_library\math_library\include\vector_4.h(154): warning C4100: 'other': parámetro formal sin referencia
  Generando código...
  MathLibrary.vcxproj -> D:\Desarrollo\git\2PG_TA_garciasa\EDK_workspace_cubeexample\project\VS2017\..\..\bin\MathLibrary_d.lib
